<?xml version="1.0" encoding="UTF-8" ?>
<testsuites>
  <testsuite errors="0" failures="0" hostname="INsophiag.local" id="0" name="BibliotecaAppTest" package="com.tw.biblioteca" skipped="0" tests="1" time="0.333" timestamp="2015-09-15T01:36:12">
      <properties>
[...]
</properties>

      <testcase classname="com.tw.biblioteca.BibliotecaAppTest" name="shouldExitWhenQuitIsChosen" time="0.268" />

      <system-out><![CDATA[]]></system-out>

      <system-err><![CDATA[]]></system-err>

  </testsuite>
  <testsuite errors="0" failures="0" hostname="INsophiag.local" id="1" name="BookTest" package="com.tw.biblioteca" skipped="0" tests="7" time="0.01" timestamp="2015-09-15T01:36:12">
      <properties>
[...]
</properties>

      <testcase classname="com.tw.biblioteca.BookTest" name="shouldBeEqualToItself" time="0.0" />

      <testcase classname="com.tw.biblioteca.BookTest" name="shouldNotBeEqualToAString" time="0.0" />

      <testcase classname="com.tw.biblioteca.BookTest" name="shouldCompareTwoEqualBooksUsingHashcode" time="0.0" />

      <testcase classname="com.tw.biblioteca.BookTest" name="shouldDisplayInformationAboutBooks" time="0.001" />

      <testcase classname="com.tw.biblioteca.BookTest" name="shoulNotBeEqualToNull" time="0.0" />

      <testcase classname="com.tw.biblioteca.BookTest" name="shoulNotBeEqualToAnotherBook" time="0.0" />

      <testcase classname="com.tw.biblioteca.BookTest" name="shouldCompareABookToItselfUsingHashcode" time="0.0" />

      <system-out><![CDATA[]]></system-out>

      <system-err><![CDATA[]]></system-err>

  </testsuite>
  <testsuite errors="0" failures="0" hostname="INsophiag.local" id="2" name="LibraryControllerTest" package="com.tw.biblioteca" skipped="0" tests="6" time="0.151" timestamp="2015-09-15T01:36:12">
      <properties>
[...]
</properties>

      <testcase classname="com.tw.biblioteca.LibraryControllerTest" name="shouldDisplayFailureMessageForUnsuccessfulReturnAttempt" time="0.136" />

      <testcase classname="com.tw.biblioteca.LibraryControllerTest" name="shouldDisplaySuccessMessageForSuccessfulCheckout" time="0.001" />

      <testcase classname="com.tw.biblioteca.LibraryControllerTest" name="shouldDisplaySuccessMessageForSuccessfulReturn" time="0.001" />

      <testcase classname="com.tw.biblioteca.LibraryControllerTest" name="shouldAcceptValidBookNameFromUserAndRemoveTheBook" time="0.006" />

      <testcase classname="com.tw.biblioteca.LibraryControllerTest" name="shouldDisplayFailureMessageForUnsuccessfulCheckoutAttempt" time="0.001" />

      <testcase classname="com.tw.biblioteca.LibraryControllerTest" name="shouldAcceptValidBookNameFromUserAndAddTheBook" time="0.001" />

      <system-out><![CDATA[]]></system-out>

      <system-err><![CDATA[]]></system-err>

  </testsuite>
  <testsuite errors="0" failures="0" hostname="INsophiag.local" id="3" name="LibraryTest" package="com.tw.biblioteca" skipped="0" tests="8" time="0.008" timestamp="2015-09-15T01:36:12">
      <properties>
[...]
</properties>

      <testcase classname="com.tw.biblioteca.LibraryTest" name="shouldDisplayListOfMovies" time="0.0" />

      <testcase classname="com.tw.biblioteca.LibraryTest" name="shouldNotDisplayCheckedOutBooks" time="0.001" />

      <testcase classname="com.tw.biblioteca.LibraryTest" name="shouldReturnTrueIfSuccessfullyReturned" time="0.0" />

      <testcase classname="com.tw.biblioteca.LibraryTest" name="shouldReturnFalseIfFailedToReturn" time="0.0" />

      <testcase classname="com.tw.biblioteca.LibraryTest" name="shouldDisplayListOfBookInformation" time="0.0" />

      <testcase classname="com.tw.biblioteca.LibraryTest" name="shouldAgainDisplayReturnedBooks" time="0.0" />

      <testcase classname="com.tw.biblioteca.LibraryTest" name="shouldReturnTrueIfSuccessfullyIssued" time="0.0" />

      <testcase classname="com.tw.biblioteca.LibraryTest" name="shouldReturnFalseIfFailedToIssue" time="0.0" />

      <system-out><![CDATA[]]></system-out>

      <system-err><![CDATA[]]></system-err>

  </testsuite>
  <testsuite errors="0" failures="0" hostname="INsophiag.local" id="4" name="MenuTest" package="com.tw.biblioteca" skipped="0" tests="2" time="0.005" timestamp="2015-09-15T01:36:12">
      <properties>
[...]
</properties>

      <testcase classname="com.tw.biblioteca.MenuTest" name="shouldReturnMenuOptionChosen" time="0.001" />

      <testcase classname="com.tw.biblioteca.MenuTest" name="shouldDisplayMenuOptions" time="0.001" />

      <system-out><![CDATA[]]></system-out>

      <system-err><![CDATA[]]></system-err>

  </testsuite>
  <testsuite errors="0" failures="0" hostname="INsophiag.local" id="5" name="MovieTest" package="com.tw.biblioteca" skipped="0" tests="1" time="0.004" timestamp="2015-09-15T01:36:12">
      <properties>
[...]
</properties>

      <testcase classname="com.tw.biblioteca.MovieTest" name="shouldDisplayInformationAboutMovie" time="0.0" />

      <system-out><![CDATA[]]></system-out>

      <system-err><![CDATA[]]></system-err>

  </testsuite>
  <testsuite errors="0" failures="0" hostname="INsophiag.local" id="6" name="TaskDispatcherTest" package="com.tw.biblioteca" skipped="0" tests="6" time="0.009" timestamp="2015-09-15T01:36:13">
      <properties>
[...]
</properties>

      <testcase classname="com.tw.biblioteca.TaskDispatcherTest" name="shouldExitIfOptionTwoIsChosen" time="0.0" />

      <testcase classname="com.tw.biblioteca.TaskDispatcherTest" name="shouldCheckoutBookIfOptionThreeIsChosen" time="0.001" />

      <testcase classname="com.tw.biblioteca.TaskDispatcherTest" name="shouldDisplayListOfBooksIfOptionOneIsChosen" time="0.0" />

      <testcase classname="com.tw.biblioteca.TaskDispatcherTest" name="shouldReturnBookIfOptionFourIsChosen" time="0.001" />

      <testcase classname="com.tw.biblioteca.TaskDispatcherTest" name="shouldDisplayInvalidMessageWhenInvalidOptionIsChosen" time="0.0" />

      <testcase classname="com.tw.biblioteca.TaskDispatcherTest" name="shouldCallPrintMoviesIfOptionFiveIsChosen" time="0.0" />

      <system-out><![CDATA[]]></system-out>

      <system-err><![CDATA[]]></system-err>

  </testsuite>
  <testsuite errors="0" failures="0" hostname="INsophiag.local" id="7" name="WelcomeMessageTest" package="com.tw.biblioteca" skipped="0" tests="1" time="0.004" timestamp="2015-09-15T01:36:13">
      <properties>
[...]
</properties>

      <testcase classname="com.tw.biblioteca.WelcomeMessageTest" name="shouldPrintTheWelcomeMessage" time="0.0" />

      <system-out><![CDATA[]]></system-out>

      <system-err><![CDATA[]]></system-err>

  </testsuite>
</testsuites>
