<?xml version="1.0" encoding="UTF-8" ?>
<testsuite errors="0" failures="0" hostname="INsophiag.local" name="com.tw.biblioteca.LibraryTest" skipped="0" tests="13" time="0.022" timestamp="2015-09-17T18:36:43">
  <properties>
[...]
</properties>
  <testcase classname="com.tw.biblioteca.LibraryTest" name="shouldDisplayListOfMovies" time="0.0" />
  <testcase classname="com.tw.biblioteca.LibraryTest" name="shouldNotDisplayCheckedOutBooks" time="0.001" />
  <testcase classname="com.tw.biblioteca.LibraryTest" name="shouldReturnTrueIfSuccessfullyReturned" time="0.0" />
  <testcase classname="com.tw.biblioteca.LibraryTest" name="shouldReturnTrueIfSuccessfullyCheckoutMovie" time="0.001" />
  <testcase classname="com.tw.biblioteca.LibraryTest" name="shouldReturnFalseIfFailedToReturn" time="0.0" />
  <testcase classname="com.tw.biblioteca.LibraryTest" name="shouldNotDisplayCheckedOutMovies" time="0.001" />
  <testcase classname="com.tw.biblioteca.LibraryTest" name="shouldPrintBookAndUserInfo" time="0.0" />
  <testcase classname="com.tw.biblioteca.LibraryTest" name="shouldReturnFalseIfFailedToCheckoutMovie" time="0.001" />
  <testcase classname="com.tw.biblioteca.LibraryTest" name="shouldReturnFalseIfDifferentUserTriesToReturn" time="0.0" />
  <testcase classname="com.tw.biblioteca.LibraryTest" name="shouldDisplayListOfBookInformation" time="0.0" />
  <testcase classname="com.tw.biblioteca.LibraryTest" name="shouldAgainDisplayReturnedBooks" time="0.0" />
  <testcase classname="com.tw.biblioteca.LibraryTest" name="shouldReturnTrueIfSuccessfullyIssued" time="0.0" />
  <testcase classname="com.tw.biblioteca.LibraryTest" name="shouldReturnFalseIfFailedToIssue" time="0.0" />
  <system-out><![CDATA[]]></system-out>
  <system-err><![CDATA[]]></system-err>
</testsuite>
