<?xml version="1.0" encoding="UTF-8" ?>
<testsuites>
  <testsuite errors="0" failures="0" hostname="INsophiag.local" id="0" name="AuthenticatorTest" package="com.tw.biblioteca" skipped="0" tests="4" time="0.288" timestamp="2015-09-18T05:08:00">
      <properties>
[...]
</properties>

      <testcase classname="com.tw.biblioteca.AuthenticatorTest" name="shouldAuthenticateLibrarian" time="0.216" />

      <testcase classname="com.tw.biblioteca.AuthenticatorTest" name="shouldAuthenticateAUserWithValidLibraryNumberAndPassword" time="0.001" />

      <testcase classname="com.tw.biblioteca.AuthenticatorTest" name="shouldFailAuthenticatingAUserWithInvalidPassword" time="0.0" />

      <testcase classname="com.tw.biblioteca.AuthenticatorTest" name="shouldFailAuthenticatingAUserWithInvalidLibraryNumber" time="0.001" />

      <system-out><![CDATA[10:38:00,423 |-INFO in ch.qos.logback.classic.LoggerContext[default] - Could NOT find resource [logback.groovy]
10:38:00,423 |-INFO in ch.qos.logback.classic.LoggerContext[default] - Could NOT find resource [logback-test.xml]
10:38:00,423 |-INFO in ch.qos.logback.classic.LoggerContext[default] - Found resource [logback.xml] at [jar:file:/Users/sophiag/IdeaProjects/Biblioteca2/lib/cobertura-2.1.1/cobertura-2.1.1-sources.jar!/logback.xml]
10:38:00,424 |-WARN in ch.qos.logback.classic.LoggerContext[default] - Resource [logback.xml] occurs multiple times on the classpath.
10:38:00,424 |-WARN in ch.qos.logback.classic.LoggerContext[default] - Resource [logback.xml] occurs at [jar:file:/Users/sophiag/IdeaProjects/Biblioteca2/lib/cobertura-2.1.1/cobertura-2.1.1-sources.jar!/logback.xml]
10:38:00,424 |-WARN in ch.qos.logback.classic.LoggerContext[default] - Resource [logback.xml] occurs at [jar:file:/Users/sophiag/IdeaProjects/Biblioteca2/lib/cobertura-2.1.1/cobertura-2.1.1.jar!/logback.xml]
10:38:00,445 |-INFO in ch.qos.logback.core.joran.spi.ConfigurationWatchList@5448d00d - URL [jar:file:/Users/sophiag/IdeaProjects/Biblioteca2/lib/cobertura-2.1.1/cobertura-2.1.1-sources.jar!/logback.xml] is not of type file
10:38:00,494 |-INFO in ch.qos.logback.classic.joran.action.ConfigurationAction - debug attribute not set
10:38:00,498 |-INFO in ch.qos.logback.core.joran.action.AppenderAction - About to instantiate appender of type [ch.qos.logback.core.ConsoleAppender]
10:38:00,510 |-INFO in ch.qos.logback.core.joran.action.AppenderAction - Naming appender as [STDOUT]
10:38:00,535 |-INFO in ch.qos.logback.core.joran.action.NestedComplexPropertyIA - Assuming default type [ch.qos.logback.classic.encoder.PatternLayoutEncoder] for [encoder] property
10:38:00,585 |-INFO in ch.qos.logback.classic.joran.action.LoggerAction - Setting level of logger [net.sourceforge.cobertura] to INFO
10:38:00,585 |-INFO in ch.qos.logback.classic.joran.action.RootLoggerAction - Setting level of ROOT logger to DEBUG
10:38:00,585 |-INFO in ch.qos.logback.core.joran.action.AppenderRefAction - Attaching appender named [STDOUT] to Logger[ROOT]
10:38:00,585 |-INFO in ch.qos.logback.classic.joran.action.ConfigurationAction - End of configuration.
10:38:00,587 |-INFO in ch.qos.logback.classic.joran.JoranConfigurator@785330b5 - Registering current configuration as safe fallback point

]]></system-out>

      <system-err><![CDATA[]]></system-err>

  </testsuite>
  <testsuite errors="0" failures="0" hostname="INsophiag.local" id="1" name="BibliotecaAppTest" package="com.tw.biblioteca" skipped="0" tests="1" time="0.02" timestamp="2015-09-18T05:08:00">
      <properties>
[...]
</properties>

      <testcase classname="com.tw.biblioteca.BibliotecaAppTest" name="shouldExitWhenQuitIsChosen" time="0.012" />

      <system-out><![CDATA[]]></system-out>

      <system-err><![CDATA[]]></system-err>

  </testsuite>
  <testsuite errors="0" failures="0" hostname="INsophiag.local" id="2" name="BookTest" package="com.tw.biblioteca" skipped="0" tests="7" time="0.02" timestamp="2015-09-18T05:08:00">
      <properties>
[...]
</properties>

      <testcase classname="com.tw.biblioteca.BookTest" name="shouldBeEqualToItself" time="0.0" />

      <testcase classname="com.tw.biblioteca.BookTest" name="shoulBeEqualToAnotherSameBook" time="0.0" />

      <testcase classname="com.tw.biblioteca.BookTest" name="shouldNotBeEqualToAString" time="0.001" />

      <testcase classname="com.tw.biblioteca.BookTest" name="shouldCompareTwoEqualBooksUsingHashcode" time="0.0" />

      <testcase classname="com.tw.biblioteca.BookTest" name="shouldDisplayInformationAboutBooks" time="0.001" />

      <testcase classname="com.tw.biblioteca.BookTest" name="shoulNotBeEqualToNull" time="0.0" />

      <testcase classname="com.tw.biblioteca.BookTest" name="shouldCompareABookToItselfUsingHashcode" time="0.0" />

      <system-out><![CDATA[]]></system-out>

      <system-err><![CDATA[]]></system-err>

  </testsuite>
  <testsuite errors="0" failures="0" hostname="INsophiag.local" id="3" name="LibraryControllerTest" package="com.tw.biblioteca" skipped="0" tests="9" time="0.163" timestamp="2015-09-18T05:08:00">
      <properties>
[...]
</properties>

      <testcase classname="com.tw.biblioteca.LibraryControllerTest" name="shouldAcceptValidMovieNameFromUserAndRemoveTheBook" time="0.14" />

      <testcase classname="com.tw.biblioteca.LibraryControllerTest" name="shouldDisplayFailureMessageForUnsuccessfulReturnAttempt" time="0.005" />

      <testcase classname="com.tw.biblioteca.LibraryControllerTest" name="shouldDisplaySuccessMessageForSuccessfulCheckout" time="0.001" />

      <testcase classname="com.tw.biblioteca.LibraryControllerTest" name="shouldDisplaySuccessMessageForSuccessfulReturn" time="0.001" />

      <testcase classname="com.tw.biblioteca.LibraryControllerTest" name="shouldAcceptValidBookNameFromUserAndRemoveTheBook" time="0.001" />

      <testcase classname="com.tw.biblioteca.LibraryControllerTest" name="shouldDisplayFailureMessageForUnsuccessfulCheckoutAttempt" time="0.001" />

      <testcase classname="com.tw.biblioteca.LibraryControllerTest" name="shouldDisplaySuccessMessageForSuccessfulCheckoutofMovie" time="0.0" />

      <testcase classname="com.tw.biblioteca.LibraryControllerTest" name="shouldDisplayFailMessageForUnsuccessfulCheckoutofMovie" time="0.0" />

      <testcase classname="com.tw.biblioteca.LibraryControllerTest" name="shouldAcceptValidBookNameFromUserAndAddTheBook" time="0.001" />

      <system-out><![CDATA[]]></system-out>

      <system-err><![CDATA[]]></system-err>

  </testsuite>
  <testsuite errors="0" failures="0" hostname="INsophiag.local" id="4" name="LibraryTest" package="com.tw.biblioteca" skipped="0" tests="13" time="0.018" timestamp="2015-09-18T05:08:00">
      <properties>
[...]
</properties>

      <testcase classname="com.tw.biblioteca.LibraryTest" name="shouldDisplayListOfMovies" time="0.0" />

      <testcase classname="com.tw.biblioteca.LibraryTest" name="shouldNotDisplayCheckedOutBooks" time="0.0" />

      <testcase classname="com.tw.biblioteca.LibraryTest" name="shouldReturnTrueIfSuccessfullyReturned" time="0.0" />

      <testcase classname="com.tw.biblioteca.LibraryTest" name="shouldReturnTrueIfSuccessfullyCheckoutMovie" time="0.0" />

      <testcase classname="com.tw.biblioteca.LibraryTest" name="shouldReturnFalseIfFailedToReturn" time="0.0" />

      <testcase classname="com.tw.biblioteca.LibraryTest" name="shouldNotDisplayCheckedOutMovies" time="0.0" />

      <testcase classname="com.tw.biblioteca.LibraryTest" name="shouldPrintBookAndUserInfo" time="0.0" />

      <testcase classname="com.tw.biblioteca.LibraryTest" name="shouldReturnFalseIfFailedToCheckoutMovie" time="0.0" />

      <testcase classname="com.tw.biblioteca.LibraryTest" name="shouldReturnFalseIfDifferentUserTriesToReturn" time="0.001" />

      <testcase classname="com.tw.biblioteca.LibraryTest" name="shouldDisplayListOfBookInformation" time="0.0" />

      <testcase classname="com.tw.biblioteca.LibraryTest" name="shouldAgainDisplayReturnedBooks" time="0.001" />

      <testcase classname="com.tw.biblioteca.LibraryTest" name="shouldReturnTrueIfSuccessfullyIssued" time="0.0" />

      <testcase classname="com.tw.biblioteca.LibraryTest" name="shouldReturnFalseIfFailedToIssue" time="0.0" />

      <system-out><![CDATA[]]></system-out>

      <system-err><![CDATA[]]></system-err>

  </testsuite>
  <testsuite errors="0" failures="0" hostname="INsophiag.local" id="5" name="LoginInterfaceTest" package="com.tw.biblioteca" skipped="0" tests="2" time="0.006" timestamp="2015-09-18T05:08:00">
      <properties>
[...]
</properties>

      <testcase classname="com.tw.biblioteca.LoginInterfaceTest" name="shouldAcceptLibraryNumberFromUser" time="0.001" />

      <testcase classname="com.tw.biblioteca.LoginInterfaceTest" name="shouldAcceptPasswordFromUser" time="0.0" />

      <system-out><![CDATA[]]></system-out>

      <system-err><![CDATA[]]></system-err>

  </testsuite>
  <testsuite errors="0" failures="0" hostname="INsophiag.local" id="6" name="MenuTest" package="com.tw.biblioteca" skipped="0" tests="4" time="0.011" timestamp="2015-09-18T05:08:00">
      <properties>
[...]
</properties>

      <testcase classname="com.tw.biblioteca.MenuTest" name="shouldDisplayMenuOptionsForLoggedInUser" time="0.001" />

      <testcase classname="com.tw.biblioteca.MenuTest" name="shouldDisplayMenuOptionsForNonAdminUserAndGuest" time="0.001" />

      <testcase classname="com.tw.biblioteca.MenuTest" name="shouldReturnMenuOptionChosen" time="0.001" />

      <testcase classname="com.tw.biblioteca.MenuTest" name="shouldDisplayMenuOptionsForAdmin" time="0.0" />

      <system-out><![CDATA[]]></system-out>

      <system-err><![CDATA[]]></system-err>

  </testsuite>
  <testsuite errors="0" failures="0" hostname="INsophiag.local" id="7" name="MovieTest" package="com.tw.biblioteca" skipped="0" tests="7" time="0.027" timestamp="2015-09-18T05:08:00">
      <properties>
[...]
</properties>

      <testcase classname="com.tw.biblioteca.MovieTest" name="shouldBeEqualToItself" time="0.001" />

      <testcase classname="com.tw.biblioteca.MovieTest" name="shouldNotBeEqualToAString" time="0.001" />

      <testcase classname="com.tw.biblioteca.MovieTest" name="shoulBeUnequalToAnotherMovieWithDifferentName" time="0.0" />

      <testcase classname="com.tw.biblioteca.MovieTest" name="shoulBeEqualToAnotherSameMovie" time="0.0" />

      <testcase classname="com.tw.biblioteca.MovieTest" name="shouldDisplayInformationAboutMovie" time="0.001" />

      <testcase classname="com.tw.biblioteca.MovieTest" name="shouldCompareAMovieToItselfUsingHashcode" time="0.001" />

      <testcase classname="com.tw.biblioteca.MovieTest" name="shouldCompareTwoUnequalBooksUsingHashcode" time="0.0" />

      <system-out><![CDATA[]]></system-out>

      <system-err><![CDATA[]]></system-err>

  </testsuite>
  <testsuite errors="0" failures="0" hostname="INsophiag.local" id="8" name="TaskDispatcherTest" package="com.tw.biblioteca" skipped="0" tests="15" time="0.058" timestamp="2015-09-18T05:08:00">
      <properties>
[...]
</properties>

      <testcase classname="com.tw.biblioteca.TaskDispatcherTest" name="shouldDisplayLoginRequiredMessageToGuestUserForBookReturn" time="0.0" />

      <testcase classname="com.tw.biblioteca.TaskDispatcherTest" name="shouldExitIfOptionTwoIsChosen" time="0.0" />

      <testcase classname="com.tw.biblioteca.TaskDispatcherTest" name="shouldCheckoutBookIfOptionThreeIsChosen" time="0.002" />

      <testcase classname="com.tw.biblioteca.TaskDispatcherTest" name="shouldCallRemoveMovieIfOptionSixIsChosen" time="0.001" />

      <testcase classname="com.tw.biblioteca.TaskDispatcherTest" name="shouldReturnUserIfLoginOptionIsChosen" time="0.001" />

      <testcase classname="com.tw.biblioteca.TaskDispatcherTest" name="shouldPrintUserInfoIfLoggedInUserChoosesOptionNine" time="0.0" />

      <testcase classname="com.tw.biblioteca.TaskDispatcherTest" name="shouldReturnGuestUserIfLogoutOptionIsChosen" time="0.001" />

      <testcase classname="com.tw.biblioteca.TaskDispatcherTest" name="shouldDisplayLoginRequiredMessageToGuestUserForBookIssue" time="0.0" />

      <testcase classname="com.tw.biblioteca.TaskDispatcherTest" name="shouldDisplayListOfBooksIfOptionOneIsChosen" time="0.001" />

      <testcase classname="com.tw.biblioteca.TaskDispatcherTest" name="shouldReturnBookIfOptionFourIsChosen" time="0.001" />

      <testcase classname="com.tw.biblioteca.TaskDispatcherTest" name="shouldCallValidatingMethodOfAuthenticatorIfOptionSevenIsChosen" time="0.006" />

      <testcase classname="com.tw.biblioteca.TaskDispatcherTest" name="shouldPrintInvalidOptionIfNonAdminChoosesOptionNine" time="0.0" />

      <testcase classname="com.tw.biblioteca.TaskDispatcherTest" name="shouldDisplayInvalidMessageWhenInvalidOptionIsChosen" time="0.001" />

      <testcase classname="com.tw.biblioteca.TaskDispatcherTest" name="shouldPrintBookInfoIfAdminChoosesOptionNine" time="0.001" />

      <testcase classname="com.tw.biblioteca.TaskDispatcherTest" name="shouldCallPrintMoviesIfOptionFiveIsChosen" time="0.001" />

      <system-out><![CDATA[]]></system-out>

      <system-err><![CDATA[]]></system-err>

  </testsuite>
  <testsuite errors="0" failures="0" hostname="INsophiag.local" id="9" name="UserTest" package="com.tw.biblioteca" skipped="0" tests="9" time="0.008" timestamp="2015-09-18T05:08:01">
      <properties>
[...]
</properties>

      <testcase classname="com.tw.biblioteca.UserTest" name="shouldPrintUserInfo" time="0.0" />

      <testcase classname="com.tw.biblioteca.UserTest" name="shouldReturnFalseIfPasswordsDontMatch" time="0.001" />

      <testcase classname="com.tw.biblioteca.UserTest" name="shouldEquateToAnotherUserWithSameLibraryNumber" time="0.0" />

      <testcase classname="com.tw.biblioteca.UserTest" name="shouldReturnTheRole" time="0.0" />

      <testcase classname="com.tw.biblioteca.UserTest" name="shouldEquateToItself" time="0.0" />

      <testcase classname="com.tw.biblioteca.UserTest" name="shouldNotEquateToAnotherUserDifferentLibraryNumber" time="0.0" />

      <testcase classname="com.tw.biblioteca.UserTest" name="shouldPrintLibraryNumber" time="0.0" />

      <testcase classname="com.tw.biblioteca.UserTest" name="shouldReturnTrueIfPasswordsMatch" time="0.0" />

      <testcase classname="com.tw.biblioteca.UserTest" name="shouldNotEquateToNull" time="0.0" />

      <system-out><![CDATA[]]></system-out>

      <system-err><![CDATA[]]></system-err>

  </testsuite>
  <testsuite errors="0" failures="0" hostname="INsophiag.local" id="10" name="WelcomeMessageTest" package="com.tw.biblioteca" skipped="0" tests="1" time="0.004" timestamp="2015-09-18T05:08:01">
      <properties>
[...]
</properties>

      <testcase classname="com.tw.biblioteca.WelcomeMessageTest" name="shouldPrintTheWelcomeMessage" time="0.0" />

      <system-out><![CDATA[]]></system-out>

      <system-err><![CDATA[]]></system-err>

  </testsuite>
</testsuites>
