<?xml version="1.0" encoding="UTF-8" ?>
<testsuite errors="0" failures="0" hostname="precise64" name="com.tw.biblioteca.BookInfoListTest" tests="2" time="0.009" timestamp="2015-09-08T11:39:53">
  <properties>
[...]
</properties>
  <testcase classname="com.tw.biblioteca.BookInfoListTest" name="shouldNotDisplayCheckedOutBooks" time="0.0" />
  <testcase classname="com.tw.biblioteca.BookInfoListTest" name="shouldDisplayListOfBookInformation" time="0.0" />
  <system-out><![CDATA[]]></system-out>
  <system-err><![CDATA[]]></system-err>
</testsuite>
